<?xml version="1.0" encoding="UTF-8"?>
<!-- Generated by org.testng.reporters.JUnitXMLReporter -->
<testsuite ignored="0" hostname="AMALITECH-PC-10199" failures="0" tests="5" name="Surefire test" time="6.513" errors="0" timestamp="2024-08-02T12:04:53 BST">
  <testcase classname="test.TestMethods" name="Shopping" time="0.416"/>
  <testcase classname="test.TestMethods" name="AddingItems" time="0.29"/>
  <testcase classname="test.TestMethods" name="Cart" time="0.13"/>
  <testcase classname="test.TestMethods" name="checkout" time="1.074"/>
  <testcase classname="test.TestMethods" name="Finish" time="0.272"/>
</testsuite> <!-- Surefire test -->
