<?xml version="1.0" encoding="UTF-8"?>
<testng-results ignored="0" total="5" passed="5" failed="0" skipped="0">
  <reporter-output>
  </reporter-output>
  <suite started-at="2024-08-02T11:45:07 BST" name="Default suite" finished-at="2024-08-02T11:45:15 BST" duration-ms="7804">
    <groups>
    </groups>
    <test started-at="2024-08-02T11:45:07 BST" name="Default test" finished-at="2024-08-02T11:45:15 BST" duration-ms="7804">
      <class name="test.TestMethods">
        <test-method is-config="true" signature="beforeTest()[pri:0, instance:test.TestMethods@4ef782af]" started-at="2024-08-02T11:45:07 BST" name="beforeTest" finished-at="2024-08-02T11:45:12 BST" duration-ms="5365" status="PASS">
          <reporter-output>
          </reporter-output>
        </test-method> <!-- beforeTest -->
        <test-method signature="Shopping()[pri:1, instance:test.TestMethods@4ef782af]" started-at="2024-08-02T11:45:12 BST" name="Shopping" finished-at="2024-08-02T11:45:13 BST" duration-ms="469" status="PASS">
          <reporter-output>
          </reporter-output>
        </test-method> <!-- Shopping -->
        <test-method signature="AddingItems()[pri:2, instance:test.TestMethods@4ef782af]" started-at="2024-08-02T11:45:13 BST" name="AddingItems" finished-at="2024-08-02T11:45:13 BST" duration-ms="235" status="PASS">
          <reporter-output>
          </reporter-output>
        </test-method> <!-- AddingItems -->
        <test-method signature="Cart()[pri:3, instance:test.TestMethods@4ef782af]" started-at="2024-08-02T11:45:13 BST" name="Cart" finished-at="2024-08-02T11:45:13 BST" duration-ms="139" status="PASS">
          <reporter-output>
          </reporter-output>
        </test-method> <!-- Cart -->
        <test-method signature="checkout()[pri:4, instance:test.TestMethods@4ef782af]" started-at="2024-08-02T11:45:13 BST" name="checkout" finished-at="2024-08-02T11:45:14 BST" duration-ms="1121" status="PASS">
          <reporter-output>
          </reporter-output>
        </test-method> <!-- checkout -->
        <test-method signature="Finish()[pri:5, instance:test.TestMethods@4ef782af]" started-at="2024-08-02T11:45:14 BST" name="Finish" finished-at="2024-08-02T11:45:15 BST" duration-ms="271" status="PASS">
          <reporter-output>
          </reporter-output>
        </test-method> <!-- Finish -->
      </class> <!-- test.TestMethods -->
    </test> <!-- Default test -->
  </suite> <!-- Default suite -->
</testng-results>
