<?xml version="1.0" encoding="UTF-8"?>
<testng-results ignored="0" total="5" passed="5" failed="0" skipped="0">
  <reporter-output>
  </reporter-output>
  <suite started-at="2024-08-02T12:04:47 BST" name="Surefire suite" finished-at="2024-08-02T12:04:53 BST" duration-ms="6513">
    <groups>
    </groups>
    <test started-at="2024-08-02T12:04:47 BST" name="Surefire test" finished-at="2024-08-02T12:04:53 BST" duration-ms="6513">
      <class name="test.TestMethods">
        <test-method is-config="true" signature="beforeTest()[pri:0, instance:test.TestMethods@4310d43]" started-at="2024-08-02T12:04:47 BST" name="beforeTest" finished-at="2024-08-02T12:04:51 BST" duration-ms="4156" status="PASS">
          <reporter-output>
          </reporter-output>
        </test-method> <!-- beforeTest -->
        <test-method signature="Shopping()[pri:1, instance:test.TestMethods@4310d43]" started-at="2024-08-02T12:04:51 BST" name="Shopping" finished-at="2024-08-02T12:04:51 BST" duration-ms="416" status="PASS">
          <reporter-output>
          </reporter-output>
        </test-method> <!-- Shopping -->
        <test-method signature="AddingItems()[pri:2, instance:test.TestMethods@4310d43]" started-at="2024-08-02T12:04:51 BST" name="AddingItems" finished-at="2024-08-02T12:04:52 BST" duration-ms="290" status="PASS">
          <reporter-output>
          </reporter-output>
        </test-method> <!-- AddingItems -->
        <test-method signature="Cart()[pri:3, instance:test.TestMethods@4310d43]" started-at="2024-08-02T12:04:52 BST" name="Cart" finished-at="2024-08-02T12:04:52 BST" duration-ms="130" status="PASS">
          <reporter-output>
          </reporter-output>
        </test-method> <!-- Cart -->
        <test-method signature="checkout()[pri:4, instance:test.TestMethods@4310d43]" started-at="2024-08-02T12:04:52 BST" name="checkout" finished-at="2024-08-02T12:04:53 BST" duration-ms="1074" status="PASS">
          <reporter-output>
          </reporter-output>
        </test-method> <!-- checkout -->
        <test-method signature="Finish()[pri:5, instance:test.TestMethods@4310d43]" started-at="2024-08-02T12:04:53 BST" name="Finish" finished-at="2024-08-02T12:04:53 BST" duration-ms="272" status="PASS">
          <reporter-output>
          </reporter-output>
        </test-method> <!-- Finish -->
      </class> <!-- test.TestMethods -->
    </test> <!-- Surefire test -->
  </suite> <!-- Surefire suite -->
</testng-results>
