<?xml version="1.0" encoding="UTF-8"?>
<!-- Generated by org.testng.reporters.JUnitXMLReporter -->
<testsuite ignored="0" hostname="AMALITECH-PC-10199" failures="0" tests="5" name="Default test" time="7.804" errors="0" timestamp="2024-08-02T11:45:15 BST">
  <testcase classname="test.TestMethods" name="Shopping" time="0.469"/>
  <testcase classname="test.TestMethods" name="AddingItems" time="0.235"/>
  <testcase classname="test.TestMethods" name="Cart" time="0.139"/>
  <testcase classname="test.TestMethods" name="checkout" time="1.121"/>
  <testcase classname="test.TestMethods" name="Finish" time="0.271"/>
</testsuite> <!-- Default test -->
